[2021-01-11T23:43:35.620] [INFO] resLogger - 
*************** response log start ***************
request method: GET
request originalUrl:  /string
request client ip:  ::1
request query:  {}
response time: 0
response status: 200
response body: 
"koa2 string"
*************** response log end ***************

[2021-01-11T23:45:40.890] [INFO] resLogger - 
*************** response log start ***************
request method: GET
request originalUrl:  /string
request client ip:  ::1
request query:  {}
response time: 1
response status: 200
response body: 
"koa2 string"
*************** response log end ***************

